Log file open, 05/17/14 19:03:25
LogInit:Display: Running engine for game: Para_Adven
LogInit: Version: 4.1.0-2053896+++depot+UE4-Releases+4.1
LogInit: Compiled (64-bit): Apr 22 2014 19:53:05
LogInit: Build Configuration: Development
LogInit: Branch Name: ++depot+UE4-Releases+4.1
LogInit: Command line: 
LogInit: Base directory: C:/Program Files/Unreal Engine/4.1/Engine/Binaries/Win64/
LogInit: Rocket: 1
[2014.05.17-23.03.25:845][  0]LogTaskGraph: Started task graph with 3 named threads and 4 total threads.
[2014.05.17-23.03.25:877][  0]LogOnline:Warning: No default platform service specified for OnlineSubsystem
[2014.05.17-23.03.25:890][  0]LogInit: Presizing for 0 objects not considered by GC, pre-allocating 0 bytes.
[2014.05.17-23.03.25:898][  0]LogInit: Object subsystem initialized
[2014.05.17-23.03.25:900][  0]LogInit: Selected Device Profile: [Windows]
[2014.05.17-23.03.25:900][  0]LogInit: Applying CVar settings loaded from the selected device profile: [Windows]
[2014.05.17-23.03.25:908][  0]LogInit: Computer: JUSTIN-PC
[2014.05.17-23.03.25:908][  0]LogInit: User: Justin
[2014.05.17-23.03.25:910][  0]LogInit: CPU Page size=4096, Cores=4
[2014.05.17-23.03.25:910][  0]LogInit: High frequency timer resolution =3.429501 MHz
[2014.05.17-23.03.25:910][  0]LogMemory: Memory total: Physical=7.9GB (8GB approx) Virtual=8192.0GB
[2014.05.17-23.03.25:910][  0]LogMemory: Platform Memory Stats for Windows
[2014.05.17-23.03.25:910][  0]LogMemory: Process Physical Memory: 68.90 MB used, 68.90 MB peak
[2014.05.17-23.03.25:910][  0]LogMemory: Process Virtual Memory: 49.42 MB used, 49.42 MB peak
[2014.05.17-23.03.25:910][  0]LogMemory: Physical Memory: 3396.92 MB used, 8089.45 MB total
[2014.05.17-23.03.25:910][  0]LogMemory: Virtual Memory: 252.94 MB used, 8388608.00 MB total
[2014.05.17-23.03.25:973][  0]LogD3D11RHI: Found D3D11 adapter 0: NVIDIA GeForce GTX 660   (Feature Level 11_0)
[2014.05.17-23.03.25:973][  0]LogD3D11RHI: Adapter has 1989MB of dedicated video memory, 0MB of dedicated system memory, and 2048MB of shared system memory
[2014.05.17-23.03.25:973][  0]LogD3D11RHI: Chosen D3D11 Adapter Id = 0
[2014.05.17-23.03.25:981][  0]LogRHI: Texture pool is 1361 MB (70% of 1945 MB)
[2014.05.17-23.03.25:993][  0]LogD3D11RHI: Async texture creation enabled
[2014.05.17-23.03.26:043][  0]LogInit:Warning: We appear to have no tool tip localization data? Editor can't run.
[2014.05.17-23.03.26:043][  0]LogInit:Warning: We appear to have no property name localization data? Editor can't run.
[2014.05.17-23.03.26:071][  0]LogTextLocalizationManager:Warning: Loading localization resources contain conflicting entries for (Namespace:UICommands, Key:ToggleRealtime_ToolTip):
Resource: (C:/Program Files/Unreal Engine/4.1/Engine/Content/Localization/Editor/en/Editor.locres) Hash: (-291638278) String: (Toggle Realtime)
Resource: (C:/Program Files/Unreal Engine/4.1/Engine/Content/Localization/Editor/en/Editor.locres) Hash: (-1913389001) String: (Toggles real time rendering in this viewport)
[2014.05.17-23.03.26:096][  0]LogContentStreaming: Texture pool size is 0.000000MB
[2014.05.17-23.03.26:139][  0]LogInit: WinSock: version 1.1 (2.2), MaxSocks=32767, MaxUdp=65467
[2014.05.17-23.03.27:155][  0]LogTargetPlatformManager:Display: Building Assets For Windows
[2014.05.17-23.03.27:312][  0]LogTargetPlatformManager:Display: Building Assets For Windows
[2014.05.17-23.03.27:366][  0]LogDerivedDataCache:Display: Max Cache Size: 512 MB
[2014.05.17-23.03.27:444][  0]LogDerivedDataCache: Loaded boot cache 0.08s 38MB C:/Users/Justin/AppData/Local/UnrealEngine/4.1/DerivedDataCache/Boot.ddc.
[2014.05.17-23.03.27:444][  0]LogDerivedDataCache:Display: Loaded Boot cache: C:/Users/Justin/AppData/Local/UnrealEngine/4.1/DerivedDataCache/Boot.ddc
[2014.05.17-23.03.27:444][  0]LogDerivedDataCache: FDerivedDataBackendGraph:  Pak pak cache file ../../../../../../Users/Justin/Documents/GitHub/ParaAdven/Para_Adven/DerivedDataCache/DDC.ddp not found, will not use a pak cache.
[2014.05.17-23.03.27:444][  0]LogDerivedDataCache: Unable to find inner node Pak for hierarchical cache Hierarchy.
[2014.05.17-23.03.27:456][  0]LogDerivedDataCache:Display: Pak cache opened for reading ../../../Engine/DerivedDataCache/DDC.ddp.
[2014.05.17-23.03.27:468][  0]LogDerivedDataCache: Using Local data cache path C:/Users/Justin/AppData/Local/UnrealEngine/4.1/DerivedDataCache: Writable
[2014.05.17-23.03.27:777][  0]LogMeshUtilities: No automatic mesh reduction module available
[2014.05.17-23.03.27:777][  0]LogMeshUtilities: No automatic mesh merging module available
[2014.05.17-23.03.28:102][  0]LogEnum:Warning: Enum Text 1 for Enum ECustomDepth failed to resolve to any value
[2014.05.17-23.03.28:102][  0]LogEnum:Warning: Enum Text 3 for Enum EEarlyZPass failed to resolve to any value
[2014.05.17-23.03.28:102][  0]LogEnum:Warning: Enum Text 1 for Enum EClearSceneOptions failed to resolve to any value
[2014.05.17-23.03.28:102][  0]LogEnum:Warning: Enum Text 4 for Enum ECompositingSampleCount failed to resolve to any value
[2014.05.17-23.03.29:093][  0]UdpMessaging: Initializing bridge on interface 0.0.0.0:0 to multicast group 230.0.0.1:6666.
[2014.05.17-23.03.29:190][  0]SourceControl: Info Source control is disabled
[2014.05.17-23.03.29:190][  0]SourceControl: Info Source control is disabled
[2014.05.17-23.03.29:199][  0]SourceControl: Info Source control is disabled
[2014.05.17-23.03.29:296][  0]BlueprintLog: New page: Editor Load
[2014.05.17-23.03.29:352][  0]LogObj: 18584 objects as part of root set at end of initial load.
[2014.05.17-23.03.29:353][  0]LogUObjectAllocator: 3701752 out of 0 bytes used by permanent object pool.
[2014.05.17-23.03.29:594][  0]LogAutomationTest:Warning: Loading localization resources contain conflicting entries for (Namespace:UICommands, Key:ToggleRealtime_ToolTip):
Resource: (C:/Program Files/Unreal Engine/4.1/Engine/Content/Localization/Editor/en/Editor.locres) Hash: (-291638278) String: (Toggle Realtime)
Resource: (C:/Program Files/Unreal Engine/4.1/Engine/Content/Localization/Editor/en/Editor.locres) Hash: (-1913389001) String: (Toggles real time rendering in this viewport)
[2014.05.17-23.03.29:594][  0]LogAutomationTest:Warning: Loading localization resources contain conflicting entries for (Namespace:UICommands, Key:ToggleRealtime_ToolTip):
Resource: (C:/Program Files/Unreal Engine/4.1/Engine/Content/Localization/Editor/en/Editor.locres) Hash: (-291638278) String: (Toggle Realtime)
Resource: (C:/Program Files/Unreal Engine/4.1/Engine/Content/Localization/Editor/en/Editor.locres) Hash: (-1913389001) String: (Toggles real time rendering in this viewport)
[2014.05.17-23.03.29:594][  0]LogAutomationTest:Warning: Loading localization resources contain conflicting entries for (Namespace:UICommands, Key:ToggleRealtime_ToolTip):
Resource: (C:/Program Files/Unreal Engine/4.1/Engine/Content/Localization/Editor/en/Editor.locres) Hash: (-291638278) String: (Toggle Realtime)
Resource: (C:/Program Files/Unreal Engine/4.1/Engine/Content/Localization/Editor/en/Editor.locres) Hash: (-1913389001) String: (Toggles real time rendering in this viewport)
[2014.05.17-23.03.29:594][  0]LogEngine: Initializing Engine...
[2014.05.17-23.03.29:726][  0]LogInit: XAudio2 using 'Speakers (Realtek High Definition Audio)' : 2 channels at 48 kHz using 32 bits per sample (channel mask 0x3)
[2014.05.17-23.03.29:777][  0]LogInit: FAudioDevice initialized.
[2014.05.17-23.03.29:818][  0]LogDerivedDataCache: Saved boot cache 0.04s 38MB C:/Users/Justin/AppData/Local/UnrealEngine/4.1/DerivedDataCache/Boot.ddc.
[2014.05.17-23.03.29:827][  0]LogInit: Texture streaming: Enabled
[2014.05.17-23.03.29:870][  0]LogInit: Transaction tracking system initialized
[2014.05.17-23.03.30:035][  0]LogStreaming:Warning: Failed to read file '../../../../../../Users/Justin/Documents/GitHub/ParaAdven/Para_Adven/Intermediate/CachedAssetRegistry.bin' error.
[2014.05.17-23.03.30:035][  0]LogAssetRegistry: FAssetRegistry took 0.0101 seconds to start up
[2014.05.17-23.03.30:293][  0]LogModuleManager:Warning: ModuleManager: Unable to load module '' because the file was not found.
[2014.05.17-23.03.30:303][  0]LogModuleManager:Warning: ModuleManager: Unable to load module '' because the file was not found.
[2014.05.17-23.03.30:419][  0]LogConsoleResponse:Display: 
[2014.05.17-23.03.30:720][  0]SourceControl: Info Source control is disabled
[2014.05.17-23.03.30:720][  0]Cmd: MAP LOAD FILE="../../../Engine/Content/Maps/Templates/Template_Default.umap" TEMPLATE=1 SHOWPROGRESS=1 WORLDCOMPOSITION=0
[2014.05.17-23.03.30:721][  0]LightingResults: New page: Lighting Build
[2014.05.17-23.03.30:732][  0]MapCheck: New page: Map Check
[2014.05.17-23.03.30:732][  0]LightingResults: New page: Lighting Build
[2014.05.17-23.03.30:750][  0]LogParticles: Destroying 0 GPU particle simulations for FXSystem 0x0000000015C594E0
[2014.05.17-23.03.30:958][  0]LogEditorServer: Finished looking for orphan Actors (0.000 secs)
[2014.05.17-23.03.30:958][  0]Cmd: MAP CHECKDEP
[2014.05.17-23.03.30:959][  0]MapCheck: New page: Untitled_1 - May 17, 2014, 3:03:30 PM
[2014.05.17-23.03.31:032][  0]MapCheck: Info ========== Map Check: 0 Error(s), 0 Warning(s), [73.609ms] ==========
[2014.05.17-23.03.31:032][  0]LogFileHelpers: Loading map 'Template_Default' took 0.312
[2014.05.17-23.03.34:560][  0]LogCollectionManager: Loaded 0 collections in 0.001261 seconds
[2014.05.17-23.03.40:289][  0]LogCrashTracker: Crashtracker disabled due to settings.
[2014.05.17-23.03.40:515][  0]Cmd: MODE PLACEMENT
[2014.05.17-23.03.41:769][  0]LogLoad: Full Startup: 17.05 seconds (BP compile: 0.08 seconds)
[2014.05.17-23.03.43:014][  0]LogRenderer:Warning: Reallocating scene render targets to support 992x872.
[2014.05.17-23.03.43:588][  1]LogEpicStorage:Warning: EnumerateFiles request failed. Invalid response. code=403 error=<?xml version="1.0" encoding="UTF-8"?>
<Error><Code>AccessDenied</Code><Message>Access Denied</Message><RequestId>D559CFAB72D5A9F2</RequestId><HostId>WhY9di1MmzqYj+faP+97rF74xmwT6B9J25ArWOgxG8AneI9t8BZQYMLBhVlBpjtY</HostId></Error>
[2014.05.17-23.03.43:962][  2]LogEpicSurvey:Warning: EnumerateFiles request failed. Invalid response. code=403 error=<?xml version="1.0" encoding="UTF-8"?>
<Error><Code>AccessDenied</Code><Message>Access Denied</Message><RequestId>72581F7ABEA7863A</RequestId><HostId>eUPXFBDPAnHPFUUXMJ2U0cpm4Xztrcsya/kO00baRYa72BvlEhk7XoH6Ws8ZgzbD</HostId></Error>
[2014.05.17-23.03.44:101][  3]LogEpicStorage:Warning: EnumerateFiles request failed. Invalid response. code=403 error=<?xml version="1.0" encoding="UTF-8"?>
<Error><Code>AccessDenied</Code><Message>Access Denied</Message><RequestId>D9D322729DBFA1EC</RequestId><HostId>YEWOL+lGDFNm+QvG1ujQao5nqkD9SIlAOtBS7Xhs+ZlwRmQGmMOc0MmOe4ueva4a</HostId></Error>
[2014.05.17-23.03.44:110][  4]LogEpicSurvey:Warning: EnumerateFiles request failed. Invalid response. code=403 error=<?xml version="1.0" encoding="UTF-8"?>
<Error><Code>AccessDenied</Code><Message>Access Denied</Message><RequestId>BF29D9DEF64CE17B</RequestId><HostId>t93WhUubRKmHgd2bvbBsYFBcBV9qMmymP+mA4FDmoMTVSB2/nnq0sYcJUKFLd322</HostId></Error>
[2014.05.17-23.03.44:167][  8]LogEpicSurvey:Warning: EnumerateFiles request failed. Invalid response. code=403 error=<?xml version="1.0" encoding="UTF-8"?>
<Error><Code>AccessDenied</Code><Message>Access Denied</Message><RequestId>60447EF9144AD853</RequestId><HostId>M3ppsoaadCUi9ZI+mB4nBH+BGat9X6P3B3pDZo1Dx48rLPYCg4IcSv/4UYfBza28</HostId></Error>
[2014.05.17-23.03.44:281][ 19]LogEpicStorage:Warning: ReadFile request failed. File request already pending for filename=http://cdn.unrealengine.com/newsfeed/blueprint_icon_b.png
[2014.05.17-23.03.54:925][179]LogAssetRegistry: Asset discovery search completed in 24.9004 seconds
[2014.05.17-23.03.56:327][277]Cmd: QUIT_EDITOR
[2014.05.17-23.03.56:387][277]LogWindowsTextInputMethodSystem:Error: Terminating failed while unadvising the language notification sink from the TSF source.
[2014.05.17-23.03.56:389][277]LogExit: Preparing to exit.
[2014.05.17-23.03.57:196][277]LogExit: Editor shut down
[2014.05.17-23.03.57:196][277]LogExit: Transaction tracking system shut down
[2014.05.17-23.03.57:197][277]LogParticles: Destroying 0 GPU particle simulations for FXSystem 0x0000000012842520
[2014.05.17-23.03.57:218][277]LogExit: Object subsystem successfully closed.
[2014.05.17-23.03.57:290][277]LogModuleManager: Shutting down and abandoning module AndroidDeviceDetection (155)
[2014.05.17-23.03.57:290][277]LogModuleManager: Shutting down and abandoning module CrashTracker (154)
[2014.05.17-23.03.57:290][277]LogModuleManager: Shutting down and abandoning module HTTP (153)
[2014.05.17-23.03.57:290][277]LogModuleManager: Shutting down and abandoning module NewsFeed (152)
[2014.05.17-23.03.57:290][277]LogModuleManager: Shutting down and abandoning module SceneOutliner (151)
[2014.05.17-23.03.57:290][277]LogModuleManager: Shutting down and abandoning module EditorWidgets (150)
[2014.05.17-23.03.57:290][277]LogModuleManager: Shutting down and abandoning module CollectionManager (149)
[2014.05.17-23.03.57:299][277]LogModuleManager: Shutting down and abandoning module DesktopPlatform (148)
[2014.05.17-23.03.57:299][277]LogModuleManager: Shutting down and abandoning module StatsViewer (147)
[2014.05.17-23.03.57:299][277]LogModuleManager: Shutting down and abandoning module FoliageEdit (146)
[2014.05.17-23.03.57:299][277]LogModuleManager: Shutting down and abandoning module LandscapeEditor (145)
[2014.05.17-23.03.57:303][277]LogModuleManager: Shutting down and abandoning module MeshPaint (144)
[2014.05.17-23.03.57:303][277]LogModuleManager: Shutting down and abandoning module GeometryMode (143)
[2014.05.17-23.03.57:303][277]LogModuleManager: Shutting down and abandoning module TextureAlignMode (142)
[2014.05.17-23.03.57:303][277]LogModuleManager: Shutting down and abandoning module BspMode (141)
[2014.05.17-23.03.57:303][277]LogModuleManager: Shutting down and abandoning module PlacementMode (140)
[2014.05.17-23.03.57:303][277]LogModuleManager: Shutting down and abandoning module AutomationWorker (139)
[2014.05.17-23.03.57:303][277]LogModuleManager: Shutting down and abandoning module ViewportSnapping (138)
[2014.05.17-23.03.57:303][277]LogModuleManager: Shutting down and abandoning module DeviceProfileEditor (137)
[2014.05.17-23.03.57:303][277]LogModuleManager: Shutting down and abandoning module UndoHistory (136)
[2014.05.17-23.03.57:303][277]LogModuleManager: Shutting down and abandoning module GameplayTagsEditor (135)
[2014.05.17-23.03.57:303][277]LogModuleManager: Shutting down and abandoning module UserFeedback (134)
[2014.05.17-23.03.57:303][277]LogModuleManager: Shutting down and abandoning module XmlParser (133)
[2014.05.17-23.03.57:303][277]LogModuleManager: Shutting down and abandoning module OnlineBlueprintSupport (132)
[2014.05.17-23.03.57:303][277]LogModuleManager: Shutting down and abandoning module Blutility (131)
[2014.05.17-23.03.57:303][277]LogModuleManager: Shutting down and abandoning module AndroidPlatformEditor (128)
[2014.05.17-23.03.57:303][277]LogModuleManager: Shutting down and abandoning module AndroidRuntimeSettings (127)
[2014.05.17-23.03.57:303][277]LogModuleManager: Shutting down and abandoning module ProjectSettingsViewer (126)
[2014.05.17-23.03.57:303][277]LogModuleManager: Shutting down and abandoning module InputBindingEditor (125)
[2014.05.17-23.03.57:304][277]LogModuleManager: Shutting down and abandoning module EditorSettingsViewer (124)
[2014.05.17-23.03.57:304][277]LogModuleManager: Shutting down and abandoning module SettingsEditor (123)
[2014.05.17-23.03.57:304][277]LogModuleManager: Shutting down and abandoning module SessionLauncher (122)
[2014.05.17-23.03.57:304][277]LogModuleManager: Shutting down and abandoning module SessionFrontend (121)
[2014.05.17-23.03.57:304][277]LogModuleManager: Shutting down and abandoning module ProfilerClient (120)
[2014.05.17-23.03.57:304][277]LogModuleManager: Shutting down and abandoning module TargetDeviceServices (119)
[2014.05.17-23.03.57:304][277]LogModuleManager: Shutting down and abandoning module DeviceManager (118)
[2014.05.17-23.03.57:304][277]LogModuleManager: Shutting down and abandoning module AutomationController (117)
[2014.05.17-23.03.57:304][277]LogModuleManager: Shutting down and abandoning module AutomationWindow (116)
[2014.05.17-23.03.57:304][277]LogModuleManager: Shutting down and abandoning module Layers (115)
[2014.05.17-23.03.57:304][277]LogModuleManager: Shutting down and abandoning module ComponentVisualizers (114)
[2014.05.17-23.03.57:304][277]LogModuleManager: Shutting down and abandoning module DetailCustomizations (113)
[2014.05.17-23.03.57:304][277]LogModuleManager: Shutting down and abandoning module PackagesDialog (112)
[2014.05.17-23.03.57:304][277]LogModuleManager: Shutting down and abandoning module PropertyEditor (111)
[2014.05.17-23.03.57:304][277]LogModuleManager: Shutting down and abandoning module DirectoryWatcher (110)
[2014.05.17-23.03.57:304][277]LogModuleManager: Shutting down and abandoning module AssetRegistry (109)
[2014.05.17-23.03.57:341][277]LogModuleManager: Shutting down and abandoning module Persona (108)
[2014.05.17-23.03.57:341][277]LogModuleManager: Shutting down and abandoning module GraphEditor (107)
[2014.05.17-23.03.57:341][277]LogModuleManager: Shutting down and abandoning module ContentBrowser (106)
[2014.05.17-23.03.57:341][277]LogModuleManager: Shutting down and abandoning module ClassViewer (105)
[2014.05.17-23.03.57:341][277]LogModuleManager: Shutting down and abandoning module Toolbox (104)
[2014.05.17-23.03.57:341][277]LogModuleManager: Shutting down and abandoning module ModuleUI (103)
[2014.05.17-23.03.57:341][277]LogModuleManager: Shutting down and abandoning module Sequencer (102)
[2014.05.17-23.03.57:341][277]LogModuleManager: Shutting down and abandoning module AssetTools (101)
[2014.05.17-23.03.57:341][277]LogModuleManager: Shutting down and abandoning module MovieSceneTools (100)
[2014.05.17-23.03.57:341][277]LogModuleManager: Shutting down and abandoning module OutputLog (99)
[2014.05.17-23.03.57:341][277]LogModuleManager: Shutting down and abandoning module GammaUI (98)
[2014.05.17-23.03.57:341][277]LogModuleManager: Shutting down and abandoning module Documentation (97)
[2014.05.17-23.03.57:341][277]LogModuleManager: Shutting down and abandoning module AnalyticsET (96)
[2014.05.17-23.03.57:341][277]LogModuleManager: Shutting down and abandoning module Analytics (95)
[2014.05.17-23.03.57:341][277]LogModuleManager: Shutting down and abandoning module ProfilerService (94)
[2014.05.17-23.03.57:380][277]LogModuleManager: Shutting down and abandoning module TaskGraph (93)
[2014.05.17-23.03.57:380][277]LogModuleManager: Shutting down and abandoning module GameProjectGeneration (92)
[2014.05.17-23.03.57:380][277]LogModuleManager: Shutting down and abandoning module Matinee (91)
[2014.05.17-23.03.57:380][277]LogModuleManager: Shutting down and abandoning module Kismet (90)
[2014.05.17-23.03.57:380][277]LogModuleManager: Shutting down and abandoning module LevelEditor (89)
[2014.05.17-23.03.57:381][277]LogModuleManager: Shutting down and abandoning module MainFrame (88)
[2014.05.17-23.03.57:381][277]LogModuleManager: Shutting down and abandoning module SourceControl (87)
[2014.05.17-23.03.57:381][277]LogModuleManager: Shutting down and abandoning module ImageWrapper (86)
[2014.05.17-23.03.57:381][277]LogModuleManager: Shutting down and abandoning module FunctionalTesting (85)
[2014.05.17-23.03.57:381][277]LogModuleManager: Shutting down and abandoning module CollisionAnalyzer (84)
[2014.05.17-23.03.57:381][277]LogModuleManager: Shutting down and abandoning module WorkspaceMenuStructure (83)
[2014.05.17-23.03.57:381][277]LogModuleManager: Shutting down and abandoning module MessageLog (82)
[2014.05.17-23.03.57:381][277]LogModuleManager: Shutting down and abandoning module Slate (81)
[2014.05.17-23.03.57:381][277]LogModuleManager: Shutting down and abandoning module EditorStyle (80)
[2014.05.17-23.03.57:382][277]LogModuleManager: Shutting down and abandoning module SessionServices (79)
[2014.05.17-23.03.57:382][277]LogModuleManager: Shutting down and abandoning module Messaging (78)
[2014.05.17-23.03.57:382][277]LogModuleManager: Shutting down and abandoning module VSAccessor (77)
[2014.05.17-23.03.57:382][277]LogModuleManager: Shutting down and abandoning module HeadMountedDisplay (76)
[2014.05.17-23.03.57:382][277]LogModuleManager: Shutting down and abandoning module XAudio2 (75)
[2014.05.17-23.03.57:382][277]LogModuleManager: Shutting down and abandoning module Networking (74)
[2014.05.17-23.03.57:382][277]LogModuleManager: Shutting down and abandoning module Core (73)
[2014.05.17-23.03.57:382][277]LogModuleManager: Shutting down and abandoning module KismetCompiler (72)
[2014.05.17-23.03.57:382][277]LogModuleManager: Shutting down and abandoning module PhysXFormats (71)
[2014.05.17-23.03.57:382][277]LogModuleManager: Shutting down and abandoning module SimplygonMeshReduction (70)
[2014.05.17-23.03.57:382][277]LogModuleManager: Shutting down and abandoning module MeshUtilities (69)
[2014.05.17-23.03.57:382][277]LogModuleManager: Shutting down and abandoning module DerivedDataCache (68)
[2014.05.17-23.03.57:479][277]LogDerivedDataCache: Shutdown
[2014.05.17-23.03.57:479][277]LogModuleManager: Shutting down and abandoning module ShaderFormatOpenGL (67)
[2014.05.17-23.03.57:479][277]LogModuleManager: Shutting down and abandoning module ShaderFormatD3D (66)
[2014.05.17-23.03.57:479][277]LogModuleManager: Shutting down and abandoning module TextureFormatUncompressed (65)
[2014.05.17-23.03.57:479][277]LogModuleManager: Shutting down and abandoning module TextureFormatPVR (64)
[2014.05.17-23.03.57:479][277]LogModuleManager: Shutting down and abandoning module TextureFormatDXT (63)
[2014.05.17-23.03.57:479][277]LogModuleManager: Shutting down and abandoning module TextureFormatAndroid (62)
[2014.05.17-23.03.57:479][277]LogModuleManager: Shutting down and abandoning module AudioFormatOgg (61)
[2014.05.17-23.03.57:479][277]LogModuleManager: Shutting down and abandoning module AudioFormatADPCM (60)
[2014.05.17-23.03.57:479][277]LogModuleManager: Shutting down and abandoning module Android_PVRTCTargetPlatform (59)
[2014.05.17-23.03.57:479][277]LogModuleManager: Shutting down and abandoning module Android_ETC2TargetPlatform (58)
[2014.05.17-23.03.57:479][277]LogModuleManager: Shutting down and abandoning module Android_ETC1TargetPlatform (57)
[2014.05.17-23.03.57:479][277]LogModuleManager: Shutting down and abandoning module Android_DXTTargetPlatform (56)
[2014.05.17-23.03.57:479][277]LogModuleManager: Shutting down and abandoning module Android_ATCTargetPlatform (55)
[2014.05.17-23.03.57:479][277]LogModuleManager: Shutting down and abandoning module AndroidTargetPlatform (54)
[2014.05.17-23.03.57:479][277]LogModuleManager: Shutting down and abandoning module WindowsTargetPlatform (53)
[2014.05.17-23.03.57:479][277]LogModuleManager: Shutting down and abandoning module WindowsServerTargetPlatform (52)
[2014.05.17-23.03.57:479][277]LogModuleManager: Shutting down and abandoning module WindowsNoEditorTargetPlatform (51)
[2014.05.17-23.03.57:479][277]LogModuleManager: Shutting down and abandoning module WindowsClientTargetPlatform (50)
[2014.05.17-23.03.57:479][277]LogModuleManager: Shutting down and abandoning module TargetPlatform (49)
[2014.05.17-23.03.57:479][277]LogModuleManager: Shutting down and abandoning module InputCore (47)
[2014.05.17-23.03.57:479][277]LogModuleManager: Shutting down and abandoning module Settings (46)
[2014.05.17-23.03.57:479][277]LogModuleManager: Shutting down and abandoning module TextureCompressor (43)
[2014.05.17-23.03.57:479][277]LogModuleManager: Shutting down and abandoning module ShaderCore (42)
[2014.05.17-23.03.57:479][277]LogModuleManager: Shutting down and abandoning module OpenGLDrv (41)
[2014.05.17-23.03.57:479][277]LogModuleManager: Shutting down and abandoning module D3D11RHI (40)
[2014.05.17-23.03.57:479][277]LogModuleManager: Shutting down and abandoning module SlateRHIRenderer (39)
[2014.05.17-23.03.57:479][277]LogModuleManager: Shutting down and abandoning module Renderer (38)
[2014.05.17-23.03.57:479][277]LogModuleManager: Shutting down and abandoning module Engine (37)
[2014.05.17-23.03.57:479][277]LogModuleManager: Shutting down and abandoning module WindowsMoviePlayer (36)
[2014.05.17-23.03.57:481][277]LogModuleManager: Shutting down and abandoning module ExampleDeviceProfileSelector (31)
[2014.05.17-23.03.57:481][277]LogModuleManager: Shutting down and abandoning module CustomMeshComponent (30)
[2014.05.17-23.03.57:481][277]LogModuleManager: Shutting down and abandoning module CableComponent (29)
[2014.05.17-23.03.57:481][277]LogModuleManager: Shutting down and abandoning module OculusRift (26)
[2014.05.17-23.03.57:481][277]LogModuleManager: Shutting down and abandoning module UdpMessaging (25)
[2014.05.17-23.03.57:581][277]LogModuleManager: Shutting down and abandoning module MessagingDebugger (24)
[2014.05.17-23.03.57:581][277]LogModuleManager: Shutting down and abandoning module PluginsEditor (12)
[2014.05.17-23.03.57:581][277]LogModuleManager: Shutting down and abandoning module IntroTutorials (11)
[2014.05.17-23.03.57:581][277]LogModuleManager: Shutting down and abandoning module EpicSurvey (10)
[2014.05.17-23.03.57:581][277]LogModuleManager: Shutting down and abandoning module UObjectPlugin (9)
[2014.05.17-23.03.57:581][277]LogModuleManager: Shutting down and abandoning module SubversionSourceControl (8)
[2014.05.17-23.03.57:581][277]LogModuleManager: Shutting down and abandoning module PerforceSourceControl (7)
[2014.05.17-23.03.57:581][277]LogModuleManager: Shutting down and abandoning module BlankPlugin (6)
[2014.05.17-23.03.57:581][277]LogModuleManager: Shutting down and abandoning module CoreUObject (5)
[2014.05.17-23.03.57:581][277]LogModuleManager: Shutting down and abandoning module NetworkFile (4)
[2014.05.17-23.03.57:581][277]LogModuleManager: Shutting down and abandoning module StreamingFile (3)
[2014.05.17-23.03.57:581][277]LogModuleManager: Shutting down and abandoning module SandboxFile (2)
[2014.05.17-23.03.57:581][277]LogModuleManager: Shutting down and abandoning module PakFile (1)
[2014.05.17-23.03.57:581][277]LogExit: Exiting.
[2014.05.17-23.03.57:587][277]Log file closed, 05/17/14 19:03:57
